<?xml version="1.0" encoding="UTF-8"?>
<testsuite xmlns:xsi="http://www.w3.org/2001/XMLSchema-instance" xsi:noNamespaceSchemaLocation="https://maven.apache.org/surefire/maven-surefire-plugin/xsd/surefire-test-report.xsd" name="TestSuite" time="2.745" tests="6" errors="0" skipped="0" failures="0">
  <properties>
[...]
</properties>
  <testcase name="testA" classname="com.github.cafeduke.jreportng.InstanceLoggerTest" time="0.309"/>
  <testcase name="testB" classname="com.github.cafeduke.jreportng.InstanceLoggerTest" time="0.303"/>
  <testcase name="test" classname="com.github.cafeduke.jreportng.LoggerFactoryTest" time="0.104"/>
  <testcase name="testP" classname="com.github.cafeduke.jreportng.StaticLoggerInjectionTest" time="0.205"/>
  <testcase name="testQ" classname="com.github.cafeduke.jreportng.StaticLoggerInjectionTest" time="0.403"/>
  <testcase name="test" classname="com.github.cafeduke.jreportng.LogLevelTest" time="0.014"/>
</testsuite>